-------------------------------------------------------------------------------
Test set: runner.Runner
-------------------------------------------------------------------------------
Tests run: 1, Failures: 1, Errors: 0, Skipped: 0, Time elapsed: 18.282 s <<< FAILURE! - in runner.Runner
Login fuctionality.Verify Login Functionality  Time elapsed: 15.667 s  <<< FAILURE!
org.junit.ComparisonFailure: expected:<Employee Login[@]> but was:<Employee Login[]>

